<?xml version="1.0" encoding="utf-8"?>
<TestRun id="2e9645ae-503c-4277-86ba-a17793ea859b" name="@ITCN000197-MAC 2023-02-02 17:29:56" xmlns="http://microsoft.com/schemas/VisualStudio/TeamTest/2010">
  <Times creation="2023-02-02T17:29:56.3365700+08:00" queuing="2023-02-02T17:29:56.3365700+08:00" start="2023-02-02T17:29:52.5708500+08:00" finish="2023-02-02T17:29:56.5755610+08:00" />
  <TestSettings name="default" id="72e1225b-642e-4d3a-ab42-8a6fe9e26187">
    <Deployment runDeploymentRoot="_ITCN000197-MAC_2023-02-02_17_29_56" />
  </TestSettings>
  <Results>
    <UnitTestResult executionId="cf619a42-41c1-4496-9636-80ae97fa5c6f" testId="80f37dc5-3a69-8661-d0d0-888095fd9827" testName="Check register user properly" computerName="ITCN000197-MAC" duration="00:00:01.3018460" startTime="2023-02-02T17:29:53.0000000+08:00" endTime="2023-02-02T17:29:54.0000000+08:00" testType="13cdc9d9-ddb5-4fa4-a97d-d965ccfc6d4b" outcome="Passed" testListId="8c84fa94-04c1-424b-9868-57a2d4851a1d" relativeResultsDirectory="cf619a42-41c1-4496-9636-80ae97fa5c6f">
      <Output>
        <StdOut>jsonBody is: {
  "username": "user_auto6i4wTNwKhw",
  "firstName": "first_name",
  "lastName": "last_name",
  "password": "!Q23sdklf",
  "confirmPassword": "!Q23sdklf"
}</StdOut>
      </Output>
    </UnitTestResult>
    <UnitTestResult executionId="fdde2851-bb4b-4d1b-b48b-a1229f2cdb4f" testId="327e2fdb-7396-b1f8-5567-3799a767e004" testName="Check register user with password !Q23sdk" computerName="ITCN000197-MAC" duration="00:00:00.8077820" startTime="2023-02-02T17:29:55.0000000+08:00" endTime="2023-02-02T17:29:56.0000000+08:00" testType="13cdc9d9-ddb5-4fa4-a97d-d965ccfc6d4b" outcome="Passed" testListId="8c84fa94-04c1-424b-9868-57a2d4851a1d" relativeResultsDirectory="fdde2851-bb4b-4d1b-b48b-a1229f2cdb4f">
      <Output>
        <StdOut>jsonBody is: {
  "username": "user_auto1j9nrqV2yV",
  "firstName": "first_name",
  "lastName": "last_name",
  "password": "!Q23sdk",
  "confirmPassword": "!Q23sdk"
}</StdOut>
      </Output>
    </UnitTestResult>
    <UnitTestResult executionId="6cf5da0a-e2f3-4539-a462-a35316df1184" testId="9e81d063-5e01-6976-5a29-8a89d0b73162" testName="Check register user existing" computerName="ITCN000197-MAC" duration="00:00:00.8296910" startTime="2023-02-02T17:29:54.0000000+08:00" endTime="2023-02-02T17:29:55.0000000+08:00" testType="13cdc9d9-ddb5-4fa4-a97d-d965ccfc6d4b" outcome="Passed" testListId="8c84fa94-04c1-424b-9868-57a2d4851a1d" relativeResultsDirectory="6cf5da0a-e2f3-4539-a462-a35316df1184">
      <Output>
        <StdOut>jsonBody is: {
  "username": "user_auto",
  "firstName": "first_name",
  "lastName": "last_name",
  "password": "!Q23sdklf",
  "confirmPassword": "!Q23sdklf"
}</StdOut>
      </Output>
    </UnitTestResult>
  </Results>
  <TestDefinitions>
    <UnitTest name="Check register user properly" storage="/users/jing.liang/documents/personal/southern cross/project/buggyapitest/buggyapitest/bin/debug/netcoreapp3.1/buggyapitest.dll" id="80f37dc5-3a69-8661-d0d0-888095fd9827">
      <Execution id="cf619a42-41c1-4496-9636-80ae97fa5c6f" />
      <TestMethod codeBase="/Users/jing.liang/Documents/personal/southern cross/project/BuggyApiTest/BuggyApiTest/bin/Debug/netcoreapp3.1/BuggyApiTest.dll" adapterTypeName="executor://nunit3testexecutor/" className="BuggyApiTest.Tests.RegisterTests" name="Check register user properly" />
    </UnitTest>
    <UnitTest name="Check register user with password !Q23sdk" storage="/users/jing.liang/documents/personal/southern cross/project/buggyapitest/buggyapitest/bin/debug/netcoreapp3.1/buggyapitest.dll" id="327e2fdb-7396-b1f8-5567-3799a767e004">
      <Execution id="fdde2851-bb4b-4d1b-b48b-a1229f2cdb4f" />
      <TestMethod codeBase="/Users/jing.liang/Documents/personal/southern cross/project/BuggyApiTest/BuggyApiTest/bin/Debug/netcoreapp3.1/BuggyApiTest.dll" adapterTypeName="executor://nunit3testexecutor/" className="BuggyApiTest.Tests.RegisterTests" name="Check register user with password !Q23sdk" />
    </UnitTest>
    <UnitTest name="Check register user existing" storage="/users/jing.liang/documents/personal/southern cross/project/buggyapitest/buggyapitest/bin/debug/netcoreapp3.1/buggyapitest.dll" id="9e81d063-5e01-6976-5a29-8a89d0b73162">
      <Execution id="6cf5da0a-e2f3-4539-a462-a35316df1184" />
      <TestMethod codeBase="/Users/jing.liang/Documents/personal/southern cross/project/BuggyApiTest/BuggyApiTest/bin/Debug/netcoreapp3.1/BuggyApiTest.dll" adapterTypeName="executor://nunit3testexecutor/" className="BuggyApiTest.Tests.RegisterTests" name="Check register user existing" />
    </UnitTest>
  </TestDefinitions>
  <TestEntries>
    <TestEntry testId="80f37dc5-3a69-8661-d0d0-888095fd9827" executionId="cf619a42-41c1-4496-9636-80ae97fa5c6f" testListId="8c84fa94-04c1-424b-9868-57a2d4851a1d" />
    <TestEntry testId="327e2fdb-7396-b1f8-5567-3799a767e004" executionId="fdde2851-bb4b-4d1b-b48b-a1229f2cdb4f" testListId="8c84fa94-04c1-424b-9868-57a2d4851a1d" />
    <TestEntry testId="9e81d063-5e01-6976-5a29-8a89d0b73162" executionId="6cf5da0a-e2f3-4539-a462-a35316df1184" testListId="8c84fa94-04c1-424b-9868-57a2d4851a1d" />
  </TestEntries>
  <TestLists>
    <TestList name="Results Not in a List" id="8c84fa94-04c1-424b-9868-57a2d4851a1d" />
    <TestList name="All Loaded Results" id="19431567-8539-422a-85d7-44ee4e166bda" />
  </TestLists>
  <ResultSummary outcome="Completed">
    <Counters total="3" executed="3" passed="3" failed="0" error="0" timeout="0" aborted="0" inconclusive="0" passedButRunAborted="0" notRunnable="0" notExecuted="0" disconnected="0" warning="0" completed="0" inProgress="0" pending="0" />
    <Output>
      <StdOut>NUnit Adapter 3.16.1.0: Test execution started
Running all tests in /Users/jing.liang/Documents/personal/southern cross/project/BuggyApiTest/BuggyApiTest/bin/Debug/netcoreapp3.1/BuggyApiTest.dll
   NUnit3TestExecutor converted 3 of 3 NUnit test cases
NUnit Adapter 3.16.1.0: Test execution complete
</StdOut>
    </Output>
  </ResultSummary>
</TestRun>