<?xml version="1.0" encoding="utf-8"?>
<TestRun id="e57b719c-5422-4789-814d-6fc7188e4a12" name="@ITCN000197-MAC 2023-02-02 17:31:46" xmlns="http://microsoft.com/schemas/VisualStudio/TeamTest/2010">
  <Times creation="2023-02-02T17:31:46.3204660+08:00" queuing="2023-02-02T17:31:46.3204670+08:00" start="2023-02-02T17:31:42.7926320+08:00" finish="2023-02-02T17:31:47.3057210+08:00" />
  <TestSettings name="default" id="53b87516-e385-48ca-a76b-aff73d5860f0">
    <Deployment runDeploymentRoot="_ITCN000197-MAC_2023-02-02_17_31_46" />
  </TestSettings>
  <Results>
    <UnitTestResult executionId="2f77d412-f4b0-44e6-b912-dcc0d1607ea1" testId="327e2fdb-7396-b1f8-5567-3799a767e004" testName="Check register user with password !Q23sdk" computerName="ITCN000197-MAC" duration="00:00:00.7847570" startTime="2023-02-02T17:31:46.0000000+08:00" endTime="2023-02-02T17:31:47.0000000+08:00" testType="13cdc9d9-ddb5-4fa4-a97d-d965ccfc6d4b" outcome="Passed" testListId="8c84fa94-04c1-424b-9868-57a2d4851a1d" relativeResultsDirectory="2f77d412-f4b0-44e6-b912-dcc0d1607ea1">
      <Output>
        <StdOut>jsonBody is: {
  "username": "user_auto6mlBL7t7xY",
  "firstName": "first_name",
  "lastName": "last_name",
  "password": "!Q23sdk",
  "confirmPassword": "!Q23sdk"
}</StdOut>
      </Output>
    </UnitTestResult>
    <UnitTestResult executionId="8b99a5b7-87df-4fd3-aeff-45d311a712cc" testId="9e81d063-5e01-6976-5a29-8a89d0b73162" testName="Check register user existing" computerName="ITCN000197-MAC" duration="00:00:00.4188930" startTime="2023-02-02T17:31:46.0000000+08:00" endTime="2023-02-02T17:31:46.0000000+08:00" testType="13cdc9d9-ddb5-4fa4-a97d-d965ccfc6d4b" outcome="Passed" testListId="8c84fa94-04c1-424b-9868-57a2d4851a1d" relativeResultsDirectory="8b99a5b7-87df-4fd3-aeff-45d311a712cc">
      <Output>
        <StdOut>jsonBody is: {
  "username": "user_auto",
  "firstName": "first_name",
  "lastName": "last_name",
  "password": "!Q23sdklf",
  "confirmPassword": "!Q23sdklf"
}</StdOut>
      </Output>
    </UnitTestResult>
    <UnitTestResult executionId="ee25cd80-63c5-4075-a7e8-0e1caf4880e2" testId="80f37dc5-3a69-8661-d0d0-888095fd9827" testName="Check register user properly" computerName="ITCN000197-MAC" duration="00:00:02.4797410" startTime="2023-02-02T17:31:43.0000000+08:00" endTime="2023-02-02T17:31:46.0000000+08:00" testType="13cdc9d9-ddb5-4fa4-a97d-d965ccfc6d4b" outcome="Passed" testListId="8c84fa94-04c1-424b-9868-57a2d4851a1d" relativeResultsDirectory="ee25cd80-63c5-4075-a7e8-0e1caf4880e2">
      <Output>
        <StdOut>jsonBody is: {
  "username": "user_auto8g3huTehgD",
  "firstName": "first_name",
  "lastName": "last_name",
  "password": "!Q23sdklf",
  "confirmPassword": "!Q23sdklf"
}</StdOut>
      </Output>
    </UnitTestResult>
  </Results>
  <TestDefinitions>
    <UnitTest name="Check register user properly" storage="/users/jing.liang/documents/personal/southern cross/project/buggyapitest/buggyapitest/bin/debug/netcoreapp3.1/buggyapitest.dll" id="80f37dc5-3a69-8661-d0d0-888095fd9827">
      <Execution id="ee25cd80-63c5-4075-a7e8-0e1caf4880e2" />
      <TestMethod codeBase="/Users/jing.liang/Documents/personal/southern cross/project/BuggyApiTest/BuggyApiTest/bin/Debug/netcoreapp3.1/BuggyApiTest.dll" adapterTypeName="executor://nunit3testexecutor/" className="BuggyApiTest.Tests.RegisterTests" name="Check register user properly" />
    </UnitTest>
    <UnitTest name="Check register user with password !Q23sdk" storage="/users/jing.liang/documents/personal/southern cross/project/buggyapitest/buggyapitest/bin/debug/netcoreapp3.1/buggyapitest.dll" id="327e2fdb-7396-b1f8-5567-3799a767e004">
      <Execution id="2f77d412-f4b0-44e6-b912-dcc0d1607ea1" />
      <TestMethod codeBase="/Users/jing.liang/Documents/personal/southern cross/project/BuggyApiTest/BuggyApiTest/bin/Debug/netcoreapp3.1/BuggyApiTest.dll" adapterTypeName="executor://nunit3testexecutor/" className="BuggyApiTest.Tests.RegisterTests" name="Check register user with password !Q23sdk" />
    </UnitTest>
    <UnitTest name="Check register user existing" storage="/users/jing.liang/documents/personal/southern cross/project/buggyapitest/buggyapitest/bin/debug/netcoreapp3.1/buggyapitest.dll" id="9e81d063-5e01-6976-5a29-8a89d0b73162">
      <Execution id="8b99a5b7-87df-4fd3-aeff-45d311a712cc" />
      <TestMethod codeBase="/Users/jing.liang/Documents/personal/southern cross/project/BuggyApiTest/BuggyApiTest/bin/Debug/netcoreapp3.1/BuggyApiTest.dll" adapterTypeName="executor://nunit3testexecutor/" className="BuggyApiTest.Tests.RegisterTests" name="Check register user existing" />
    </UnitTest>
  </TestDefinitions>
  <TestEntries>
    <TestEntry testId="327e2fdb-7396-b1f8-5567-3799a767e004" executionId="2f77d412-f4b0-44e6-b912-dcc0d1607ea1" testListId="8c84fa94-04c1-424b-9868-57a2d4851a1d" />
    <TestEntry testId="9e81d063-5e01-6976-5a29-8a89d0b73162" executionId="8b99a5b7-87df-4fd3-aeff-45d311a712cc" testListId="8c84fa94-04c1-424b-9868-57a2d4851a1d" />
    <TestEntry testId="80f37dc5-3a69-8661-d0d0-888095fd9827" executionId="ee25cd80-63c5-4075-a7e8-0e1caf4880e2" testListId="8c84fa94-04c1-424b-9868-57a2d4851a1d" />
  </TestEntries>
  <TestLists>
    <TestList name="Results Not in a List" id="8c84fa94-04c1-424b-9868-57a2d4851a1d" />
    <TestList name="All Loaded Results" id="19431567-8539-422a-85d7-44ee4e166bda" />
  </TestLists>
  <ResultSummary outcome="Completed">
    <Counters total="3" executed="3" passed="3" failed="0" error="0" timeout="0" aborted="0" inconclusive="0" passedButRunAborted="0" notRunnable="0" notExecuted="0" disconnected="0" warning="0" completed="0" inProgress="0" pending="0" />
    <Output>
      <StdOut>NUnit Adapter 3.16.1.0: Test execution started
Running all tests in /Users/jing.liang/Documents/personal/southern cross/project/BuggyApiTest/BuggyApiTest/bin/Debug/netcoreapp3.1/BuggyApiTest.dll
   NUnit3TestExecutor converted 3 of 3 NUnit test cases
NUnit Adapter 3.16.1.0: Test execution complete
</StdOut>
    </Output>
  </ResultSummary>
</TestRun>